<?xml version="1.0" encoding="UTF-8"?>
<coverage generated="1771068327440" clover="3.2.0">
  <project timestamp="1771068327440" name="All files">
    <metrics statements="393" coveredstatements="393" conditionals="83" coveredconditionals="81" methods="16" coveredmethods="16" elements="492" coveredelements="490" complexity="0" loc="393" ncloc="393" packages="1" files="1" classes="1"/>
    <file name="session-state-reducer.ts" path="/Users/shanemurtagh/code/hemisphere/packages/shared/src/session-state-reducer.ts">
      <metrics statements="393" coveredstatements="393" conditionals="83" coveredconditionals="81" methods="16" coveredmethods="16"/>
      <line num="1" count="1" type="stmt"/>
      <line num="28" count="1" type="cond" truecount="1" falsecount="0"/>
      <line num="29" count="105" type="stmt"/>
      <line num="30" count="105" type="stmt"/>
      <line num="31" count="105" type="stmt"/>
      <line num="32" count="105" type="stmt"/>
      <line num="33" count="105" type="stmt"/>
      <line num="34" count="105" type="stmt"/>
      <line num="35" count="105" type="stmt"/>
      <line num="36" count="105" type="cond" truecount="1" falsecount="0"/>
      <line num="37" count="33" type="stmt"/>
      <line num="39" count="105" type="cond" truecount="1" falsecount="0"/>
      <line num="40" count="14" type="stmt"/>
      <line num="42" count="105" type="cond" truecount="1" falsecount="0"/>
      <line num="43" count="6" type="stmt"/>
      <line num="45" count="105" type="cond" truecount="1" falsecount="0"/>
      <line num="46" count="10" type="stmt"/>
      <line num="48" count="105" type="cond" truecount="1" falsecount="0"/>
      <line num="49" count="14" type="stmt"/>
      <line num="51" count="105" type="cond" truecount="1" falsecount="0"/>
      <line num="52" count="8" type="stmt"/>
      <line num="54" count="105" type="cond" truecount="1" falsecount="0"/>
      <line num="55" count="9" type="stmt"/>
      <line num="57" count="105" type="cond" truecount="1" falsecount="0"/>
      <line num="58" count="7" type="stmt"/>
      <line num="60" count="105" type="cond" truecount="1" falsecount="0"/>
      <line num="61" count="3" type="stmt"/>
      <line num="63" count="105" type="cond" truecount="1" falsecount="0"/>
      <line num="64" count="1" type="stmt"/>
      <line num="65" count="1" type="stmt"/>
      <line num="66" count="1" type="stmt"/>
      <line num="67" count="1" type="stmt"/>
      <line num="68" count="1" type="stmt"/>
      <line num="69" count="105" type="stmt"/>
      <line num="70" count="105" type="cond" truecount="1" falsecount="0"/>
      <line num="71" count="2" type="stmt"/>
      <line num="72" count="2" type="stmt"/>
      <line num="73" count="2" type="stmt"/>
      <line num="74" count="2" type="cond" truecount="2" falsecount="0"/>
      <line num="75" count="2" type="stmt"/>
      <line num="76" count="2" type="stmt"/>
      <line num="77" count="105" type="stmt"/>
      <line num="83" count="33" type="cond" truecount="1" falsecount="0"/>
      <line num="84" count="33" type="stmt"/>
      <line num="85" count="33" type="stmt"/>
      <line num="86" count="33" type="stmt"/>
      <line num="87" count="33" type="stmt"/>
      <line num="88" count="33" type="cond" truecount="1" falsecount="0"/>
      <line num="89" count="2" type="stmt"/>
      <line num="90" count="2" type="stmt"/>
      <line num="91" count="2" type="stmt"/>
      <line num="92" count="2" type="stmt"/>
      <line num="93" count="2" type="stmt"/>
      <line num="94" count="2" type="cond" truecount="1" falsecount="0"/>
      <line num="96" count="29" type="stmt"/>
      <line num="97" count="29" type="stmt"/>
      <line num="98" count="29" type="stmt"/>
      <line num="99" count="29" type="stmt"/>
      <line num="100" count="29" type="stmt"/>
      <line num="101" count="29" type="stmt"/>
      <line num="102" count="29" type="stmt"/>
      <line num="103" count="29" type="stmt"/>
      <line num="104" count="29" type="stmt"/>
      <line num="105" count="29" type="stmt"/>
      <line num="106" count="29" type="stmt"/>
      <line num="108" count="14" type="cond" truecount="1" falsecount="0"/>
      <line num="109" count="14" type="stmt"/>
      <line num="110" count="14" type="stmt"/>
      <line num="111" count="14" type="stmt"/>
      <line num="112" count="14" type="stmt"/>
      <line num="113" count="14" type="cond" truecount="1" falsecount="0"/>
      <line num="114" count="2" type="stmt"/>
      <line num="115" count="2" type="stmt"/>
      <line num="116" count="2" type="stmt"/>
      <line num="117" count="2" type="stmt"/>
      <line num="118" count="2" type="stmt"/>
      <line num="119" count="2" type="cond" truecount="1" falsecount="0"/>
      <line num="121" count="12" type="stmt"/>
      <line num="122" count="12" type="stmt"/>
      <line num="123" count="12" type="stmt"/>
      <line num="124" count="12" type="stmt"/>
      <line num="125" count="12" type="stmt"/>
      <line num="126" count="12" type="stmt"/>
      <line num="127" count="12" type="stmt"/>
      <line num="128" count="12" type="stmt"/>
      <line num="129" count="12" type="stmt"/>
      <line num="131" count="6" type="cond" truecount="1" falsecount="0"/>
      <line num="132" count="6" type="stmt"/>
      <line num="133" count="6" type="stmt"/>
      <line num="134" count="6" type="stmt"/>
      <line num="135" count="6" type="stmt"/>
      <line num="136" count="6" type="cond" truecount="1" falsecount="0"/>
      <line num="137" count="1" type="stmt"/>
      <line num="138" count="1" type="stmt"/>
      <line num="139" count="1" type="stmt"/>
      <line num="140" count="1" type="stmt"/>
      <line num="141" count="1" type="stmt"/>
      <line num="142" count="1" type="cond" truecount="1" falsecount="0"/>
      <line num="145" count="6" type="cond" truecount="2" falsecount="0"/>
      <line num="147" count="6" type="stmt"/>
      <line num="148" count="6" type="stmt"/>
      <line num="149" count="6" type="stmt"/>
      <line num="150" count="6" type="stmt"/>
      <line num="151" count="6" type="stmt"/>
      <line num="152" count="6" type="stmt"/>
      <line num="153" count="6" type="stmt"/>
      <line num="154" count="6" type="stmt"/>
      <line num="155" count="6" type="stmt"/>
      <line num="156" count="6" type="stmt"/>
      <line num="158" count="10" type="cond" truecount="1" falsecount="0"/>
      <line num="159" count="10" type="stmt"/>
      <line num="160" count="10" type="stmt"/>
      <line num="161" count="10" type="stmt"/>
      <line num="162" count="10" type="cond" truecount="1" falsecount="0"/>
      <line num="163" count="2" type="stmt"/>
      <line num="164" count="2" type="stmt"/>
      <line num="165" count="2" type="stmt"/>
      <line num="166" count="2" type="stmt"/>
      <line num="167" count="2" type="stmt"/>
      <line num="168" count="2" type="cond" truecount="1" falsecount="0"/>
      <line num="171" count="8" type="cond" truecount="1" falsecount="0"/>
      <line num="172" count="1" type="cond" truecount="1" falsecount="0"/>
      <line num="173" count="7" type="stmt"/>
      <line num="176" count="10" type="stmt"/>
      <line num="177" count="10" type="stmt"/>
      <line num="179" count="10" type="stmt"/>
      <line num="180" count="10" type="stmt"/>
      <line num="181" count="10" type="stmt"/>
      <line num="182" count="10" type="stmt"/>
      <line num="183" count="10" type="stmt"/>
      <line num="184" count="10" type="stmt"/>
      <line num="185" count="10" type="stmt"/>
      <line num="186" count="10" type="stmt"/>
      <line num="187" count="10" type="stmt"/>
      <line num="188" count="10" type="stmt"/>
      <line num="190" count="14" type="cond" truecount="1" falsecount="0"/>
      <line num="191" count="14" type="stmt"/>
      <line num="192" count="14" type="stmt"/>
      <line num="193" count="14" type="stmt"/>
      <line num="194" count="14" type="stmt"/>
      <line num="195" count="14" type="stmt"/>
      <line num="196" count="14" type="cond" truecount="1" falsecount="0"/>
      <line num="197" count="1" type="stmt"/>
      <line num="198" count="1" type="stmt"/>
      <line num="199" count="1" type="stmt"/>
      <line num="200" count="1" type="stmt"/>
      <line num="201" count="1" type="stmt"/>
      <line num="202" count="1" type="cond" truecount="1" falsecount="0"/>
      <line num="204" count="13" type="stmt"/>
      <line num="205" count="14" type="cond" truecount="1" falsecount="0"/>
      <line num="206" count="1" type="stmt"/>
      <line num="207" count="1" type="stmt"/>
      <line num="208" count="1" type="stmt"/>
      <line num="209" count="1" type="stmt"/>
      <line num="210" count="1" type="stmt"/>
      <line num="211" count="1" type="cond" truecount="1" falsecount="0"/>
      <line num="214" count="12" type="stmt"/>
      <line num="215" count="12" type="stmt"/>
      <line num="218" count="14" type="cond" truecount="1" falsecount="0"/>
      <line num="219" count="5" type="cond" truecount="1" falsecount="0"/>
      <line num="220" count="3" type="stmt"/>
      <line num="221" count="3" type="stmt"/>
      <line num="222" count="3" type="stmt"/>
      <line num="223" count="3" type="stmt"/>
      <line num="224" count="3" type="stmt"/>
      <line num="225" count="3" type="cond" truecount="1" falsecount="0"/>
      <line num="227" count="2" type="stmt"/>
      <line num="228" count="2" type="stmt"/>
      <line num="229" count="2" type="stmt"/>
      <line num="230" count="2" type="stmt"/>
      <line num="231" count="2" type="stmt"/>
      <line num="232" count="2" type="stmt"/>
      <line num="233" count="2" type="stmt"/>
      <line num="234" count="2" type="stmt"/>
      <line num="235" count="2" type="stmt"/>
      <line num="236" count="2" type="stmt"/>
      <line num="237" count="2" type="cond" truecount="1" falsecount="0"/>
      <line num="239" count="14" type="cond" truecount="1" falsecount="0"/>
      <line num="240" count="6" type="cond" truecount="1" falsecount="0"/>
      <line num="241" count="4" type="stmt"/>
      <line num="242" count="4" type="stmt"/>
      <line num="243" count="4" type="stmt"/>
      <line num="244" count="4" type="stmt"/>
      <line num="245" count="4" type="stmt"/>
      <line num="246" count="4" type="cond" truecount="1" falsecount="0"/>
      <line num="248" count="2" type="stmt"/>
      <line num="249" count="2" type="stmt"/>
      <line num="250" count="2" type="stmt"/>
      <line num="251" count="2" type="stmt"/>
      <line num="252" count="2" type="stmt"/>
      <line num="253" count="2" type="stmt"/>
      <line num="254" count="2" type="stmt"/>
      <line num="255" count="2" type="stmt"/>
      <line num="256" count="2" type="stmt"/>
      <line num="257" count="2" type="stmt"/>
      <line num="258" count="2" type="cond" truecount="1" falsecount="0"/>
      <line num="261" count="1" type="stmt"/>
      <line num="262" count="1" type="stmt"/>
      <line num="263" count="1" type="stmt"/>
      <line num="264" count="1" type="stmt"/>
      <line num="265" count="1" type="stmt"/>
      <line num="266" count="1" type="stmt"/>
      <line num="268" count="8" type="cond" truecount="1" falsecount="0"/>
      <line num="269" count="8" type="stmt"/>
      <line num="270" count="8" type="stmt"/>
      <line num="271" count="8" type="stmt"/>
      <line num="272" count="8" type="cond" truecount="2" falsecount="0"/>
      <line num="273" count="2" type="stmt"/>
      <line num="274" count="2" type="stmt"/>
      <line num="275" count="2" type="stmt"/>
      <line num="276" count="2" type="stmt"/>
      <line num="277" count="2" type="stmt"/>
      <line num="278" count="2" type="cond" truecount="1" falsecount="0"/>
      <line num="280" count="6" type="stmt"/>
      <line num="281" count="8" type="cond" truecount="1" falsecount="0"/>
      <line num="282" count="1" type="stmt"/>
      <line num="283" count="1" type="stmt"/>
      <line num="284" count="1" type="stmt"/>
      <line num="285" count="1" type="stmt"/>
      <line num="286" count="1" type="stmt"/>
      <line num="287" count="1" type="cond" truecount="1" falsecount="0"/>
      <line num="290" count="5" type="stmt"/>
      <line num="291" count="5" type="stmt"/>
      <line num="294" count="5" type="stmt"/>
      <line num="296" count="5" type="stmt"/>
      <line num="297" count="5" type="stmt"/>
      <line num="298" count="5" type="stmt"/>
      <line num="299" count="5" type="stmt"/>
      <line num="300" count="5" type="stmt"/>
      <line num="301" count="5" type="stmt"/>
      <line num="302" count="5" type="stmt"/>
      <line num="303" count="5" type="stmt"/>
      <line num="304" count="5" type="stmt"/>
      <line num="305" count="5" type="stmt"/>
      <line num="306" count="5" type="stmt"/>
      <line num="308" count="9" type="cond" truecount="1" falsecount="0"/>
      <line num="309" count="9" type="stmt"/>
      <line num="310" count="9" type="stmt"/>
      <line num="311" count="9" type="stmt"/>
      <line num="312" count="9" type="stmt"/>
      <line num="313" count="9" type="stmt"/>
      <line num="314" count="9" type="cond" truecount="1" falsecount="0"/>
      <line num="315" count="4" type="stmt"/>
      <line num="316" count="4" type="stmt"/>
      <line num="317" count="4" type="stmt"/>
      <line num="318" count="4" type="stmt"/>
      <line num="319" count="4" type="stmt"/>
      <line num="320" count="4" type="cond" truecount="1" falsecount="0"/>
      <line num="323" count="5" type="stmt"/>
      <line num="324" count="5" type="stmt"/>
      <line num="327" count="5" type="stmt"/>
      <line num="328" count="5" type="stmt"/>
      <line num="329" count="5" type="stmt"/>
      <line num="330" count="5" type="stmt"/>
      <line num="333" count="5" type="stmt"/>
      <line num="334" count="5" type="stmt"/>
      <line num="335" count="5" type="stmt"/>
      <line num="336" count="5" type="stmt"/>
      <line num="338" count="5" type="stmt"/>
      <line num="339" count="5" type="stmt"/>
      <line num="340" count="5" type="stmt"/>
      <line num="341" count="5" type="stmt"/>
      <line num="342" count="5" type="stmt"/>
      <line num="343" count="5" type="stmt"/>
      <line num="344" count="5" type="stmt"/>
      <line num="345" count="5" type="stmt"/>
      <line num="346" count="5" type="stmt"/>
      <line num="347" count="5" type="stmt"/>
      <line num="348" count="5" type="stmt"/>
      <line num="350" count="7" type="cond" truecount="1" falsecount="0"/>
      <line num="351" count="7" type="stmt"/>
      <line num="352" count="7" type="stmt"/>
      <line num="353" count="7" type="stmt"/>
      <line num="354" count="7" type="cond" truecount="1" falsecount="0"/>
      <line num="355" count="1" type="stmt"/>
      <line num="356" count="1" type="stmt"/>
      <line num="357" count="1" type="stmt"/>
      <line num="358" count="1" type="stmt"/>
      <line num="359" count="1" type="stmt"/>
      <line num="360" count="1" type="cond" truecount="1" falsecount="0"/>
      <line num="363" count="6" type="stmt"/>
      <line num="364" count="7" type="cond" truecount="2" falsecount="0"/>
      <line num="365" count="5" type="stmt"/>
      <line num="366" count="5" type="stmt"/>
      <line num="367" count="5" type="cond" truecount="1" falsecount="0"/>
      <line num="369" count="6" type="stmt"/>
      <line num="370" count="6" type="stmt"/>
      <line num="371" count="6" type="stmt"/>
      <line num="372" count="6" type="stmt"/>
      <line num="373" count="6" type="stmt"/>
      <line num="374" count="6" type="stmt"/>
      <line num="375" count="6" type="stmt"/>
      <line num="376" count="6" type="stmt"/>
      <line num="377" count="6" type="stmt"/>
      <line num="378" count="6" type="stmt"/>
      <line num="379" count="6" type="stmt"/>
      <line num="381" count="3" type="cond" truecount="1" falsecount="0"/>
      <line num="382" count="3" type="stmt"/>
      <line num="383" count="3" type="stmt"/>
      <line num="384" count="3" type="stmt"/>
      <line num="385" count="3" type="stmt"/>
      <line num="386" count="3" type="cond" truecount="1" falsecount="0"/>
      <line num="387" count="1" type="stmt"/>
      <line num="388" count="1" type="stmt"/>
      <line num="389" count="1" type="stmt"/>
      <line num="390" count="1" type="stmt"/>
      <line num="391" count="1" type="stmt"/>
      <line num="392" count="1" type="cond" truecount="1" falsecount="0"/>
      <line num="394" count="3" type="cond" truecount="1" falsecount="0"/>
      <line num="395" count="1" type="stmt"/>
      <line num="396" count="1" type="stmt"/>
      <line num="397" count="1" type="stmt"/>
      <line num="398" count="1" type="stmt"/>
      <line num="399" count="1" type="stmt"/>
      <line num="400" count="1" type="stmt"/>
      <line num="402" count="1" type="stmt"/>
      <line num="403" count="1" type="stmt"/>
      <line num="404" count="1" type="stmt"/>
      <line num="405" count="1" type="stmt"/>
      <line num="406" count="1" type="stmt"/>
      <line num="408" count="1" type="stmt"/>
      <line num="409" count="1" type="stmt"/>
      <line num="410" count="1" type="stmt"/>
      <line num="411" count="1" type="stmt"/>
      <line num="420" count="36" type="cond" truecount="1" falsecount="0"/>
      <line num="421" count="36" type="stmt"/>
      <line num="422" count="36" type="cond" truecount="0" falsecount="1"/>
      <line num="424" count="36" type="stmt"/>
      <line num="425" count="36" type="stmt"/>
      <line num="427" count="36" type="cond" truecount="2" falsecount="0"/>
      <line num="430" count="34" type="stmt"/>
      <line num="433" count="36" type="cond" truecount="1" falsecount="0"/>
      <line num="434" count="1" type="stmt"/>
      <line num="435" count="1" type="cond" truecount="1" falsecount="0"/>
      <line num="437" count="34" type="stmt"/>
      <line num="438" count="34" type="stmt"/>
      <line num="443" count="35" type="cond" truecount="1" falsecount="0"/>
      <line num="444" count="35" type="stmt"/>
      <line num="445" count="35" type="stmt"/>
      <line num="446" count="35" type="stmt"/>
      <line num="447" count="35" type="stmt"/>
      <line num="448" count="35" type="cond" truecount="0" falsecount="1"/>
      <line num="450" count="35" type="stmt"/>
      <line num="452" count="35" type="stmt"/>
      <line num="453" count="35" type="stmt"/>
      <line num="454" count="35" type="stmt"/>
      <line num="455" count="35" type="stmt"/>
      <line num="464" count="1" type="cond" truecount="1" falsecount="0"/>
      <line num="465" count="7" type="stmt"/>
      <line num="466" count="7" type="stmt"/>
      <line num="467" count="7" type="stmt"/>
      <line num="468" count="7" type="stmt"/>
      <line num="469" count="7" type="cond" truecount="2" falsecount="0"/>
      <line num="471" count="6" type="stmt"/>
      <line num="472" count="7" type="cond" truecount="1" falsecount="0"/>
      <line num="474" count="7" type="stmt"/>
      <line num="475" count="7" type="stmt"/>
      <line num="476" count="7" type="stmt"/>
      <line num="477" count="7" type="stmt"/>
      <line num="479" count="7" type="stmt"/>
      <line num="480" count="7" type="stmt"/>
      <line num="485" count="1" type="cond" truecount="1" falsecount="0"/>
      <line num="486" count="3" type="stmt"/>
      <line num="487" count="3" type="stmt"/>
      <line num="488" count="3" type="stmt"/>
      <line num="489" count="3" type="stmt"/>
      <line num="490" count="3" type="stmt"/>
      <line num="491" count="3" type="stmt"/>
      <line num="492" count="3" type="stmt"/>
      <line num="494" count="3" type="stmt"/>
      <line num="495" count="3" type="stmt"/>
      <line num="497" count="3" type="stmt"/>
      <line num="498" count="3" type="stmt"/>
      <line num="503" count="1" type="cond" truecount="1" falsecount="0"/>
      <line num="504" count="3" type="cond" truecount="2" falsecount="0"/>
      <line num="505" count="2" type="stmt"/>
      <line num="506" count="2" type="cond" truecount="1" falsecount="0"/>
      <line num="508" count="1" type="stmt"/>
      <line num="509" count="1" type="stmt"/>
      <line num="514" count="1" type="cond" truecount="1" falsecount="0"/>
      <line num="515" count="7" type="stmt"/>
      <line num="516" count="7" type="stmt"/>
      <line num="517" count="7" type="stmt"/>
      <line num="518" count="7" type="stmt"/>
      <line num="519" count="7" type="cond" truecount="2" falsecount="0"/>
      <line num="521" count="6" type="stmt"/>
      <line num="522" count="7" type="cond" truecount="1" falsecount="0"/>
      <line num="524" count="7" type="stmt"/>
      <line num="525" count="7" type="stmt"/>
      <line num="526" count="7" type="stmt"/>
      <line num="527" count="7" type="stmt"/>
      <line num="529" count="7" type="stmt"/>
      <line num="530" count="7" type="stmt"/>
    </file>
  </project>
</coverage>
