{"/Users/shanemurtagh/code/hemisphere/packages/shared/src/session-state-reducer.ts": {"path":"/Users/shanemurtagh/code/hemisphere/packages/shared/src/session-state-reducer.ts","all":false,"statementMap":{"0":{"start":{"line":1,"column":0},"end":{"line":1,"column":3}},"27":{"start":{"line":28,"column":0},"end":{"line":28,"column":36}},"28":{"start":{"line":29,"column":0},"end":{"line":29,"column":22}},"29":{"start":{"line":30,"column":0},"end":{"line":30,"column":22}},"30":{"start":{"line":31,"column":0},"end":{"line":31,"column":47}},"31":{"start":{"line":32,"column":0},"end":{"line":32,"column":39}},"32":{"start":{"line":33,"column":0},"end":{"line":33,"column":21}},"33":{"start":{"line":34,"column":0},"end":{"line":34,"column":7}},"34":{"start":{"line":35,"column":0},"end":{"line":35,"column":25}},"35":{"start":{"line":36,"column":0},"end":{"line":36,"column":27}},"36":{"start":{"line":37,"column":0},"end":{"line":37,"column":56}},"38":{"start":{"line":39,"column":0},"end":{"line":39,"column":27}},"39":{"start":{"line":40,"column":0},"end":{"line":40,"column":56}},"41":{"start":{"line":42,"column":0},"end":{"line":42,"column":28}},"42":{"start":{"line":43,"column":0},"end":{"line":43,"column":57}},"44":{"start":{"line":45,"column":0},"end":{"line":45,"column":31}},"45":{"start":{"line":46,"column":0},"end":{"line":46,"column":52}},"47":{"start":{"line":48,"column":0},"end":{"line":48,"column":27}},"48":{"start":{"line":49,"column":0},"end":{"line":49,"column":64}},"50":{"start":{"line":51,"column":0},"end":{"line":51,"column":24}},"51":{"start":{"line":52,"column":0},"end":{"line":52,"column":45}},"53":{"start":{"line":54,"column":0},"end":{"line":54,"column":30}},"54":{"start":{"line":55,"column":0},"end":{"line":55,"column":67}},"56":{"start":{"line":57,"column":0},"end":{"line":57,"column":29}},"57":{"start":{"line":58,"column":0},"end":{"line":58,"column":50}},"59":{"start":{"line":60,"column":0},"end":{"line":60,"column":30}},"60":{"start":{"line":61,"column":0},"end":{"line":61,"column":59}},"62":{"start":{"line":63,"column":0},"end":{"line":63,"column":14}},"63":{"start":{"line":64,"column":0},"end":{"line":64,"column":16}},"64":{"start":{"line":65,"column":0},"end":{"line":65,"column":25}},"65":{"start":{"line":66,"column":0},"end":{"line":66,"column":33}},"66":{"start":{"line":67,"column":0},"end":{"line":67,"column":72}},"67":{"start":{"line":68,"column":0},"end":{"line":68,"column":10}},"68":{"start":{"line":69,"column":0},"end":{"line":69,"column":5}},"69":{"start":{"line":70,"column":0},"end":{"line":70,"column":19}},"70":{"start":{"line":71,"column":0},"end":{"line":71,"column":12}},"71":{"start":{"line":72,"column":0},"end":{"line":72,"column":21}},"72":{"start":{"line":73,"column":0},"end":{"line":73,"column":29}},"73":{"start":{"line":74,"column":0},"end":{"line":74,"column":82}},"74":{"start":{"line":75,"column":0},"end":{"line":75,"column":6}},"75":{"start":{"line":76,"column":0},"end":{"line":76,"column":3}},"76":{"start":{"line":77,"column":0},"end":{"line":77,"column":1}},"82":{"start":{"line":83,"column":0},"end":{"line":83,"column":28}},"83":{"start":{"line":84,"column":0},"end":{"line":84,"column":22}},"84":{"start":{"line":85,"column":0},"end":{"line":85,"column":58}},"85":{"start":{"line":86,"column":0},"end":{"line":86,"column":23}},"86":{"start":{"line":87,"column":0},"end":{"line":87,"column":21}},"87":{"start":{"line":88,"column":0},"end":{"line":88,"column":39}},"88":{"start":{"line":89,"column":0},"end":{"line":89,"column":12}},"89":{"start":{"line":90,"column":0},"end":{"line":90,"column":21}},"90":{"start":{"line":91,"column":0},"end":{"line":91,"column":34}},"91":{"start":{"line":92,"column":0},"end":{"line":92,"column":74}},"92":{"start":{"line":93,"column":0},"end":{"line":93,"column":6}},"93":{"start":{"line":94,"column":0},"end":{"line":94,"column":3}},"95":{"start":{"line":96,"column":0},"end":{"line":96,"column":10}},"96":{"start":{"line":97,"column":0},"end":{"line":97,"column":18}},"97":{"start":{"line":98,"column":0},"end":{"line":98,"column":15}},"98":{"start":{"line":99,"column":0},"end":{"line":99,"column":15}},"99":{"start":{"line":100,"column":0},"end":{"line":100,"column":28}},"100":{"start":{"line":101,"column":0},"end":{"line":101,"column":32}},"101":{"start":{"line":102,"column":0},"end":{"line":102,"column":33}},"102":{"start":{"line":103,"column":0},"end":{"line":103,"column":42}},"103":{"start":{"line":104,"column":0},"end":{"line":104,"column":6}},"104":{"start":{"line":105,"column":0},"end":{"line":105,"column":4}},"105":{"start":{"line":106,"column":0},"end":{"line":106,"column":1}},"107":{"start":{"line":108,"column":0},"end":{"line":108,"column":28}},"108":{"start":{"line":109,"column":0},"end":{"line":109,"column":22}},"109":{"start":{"line":110,"column":0},"end":{"line":110,"column":58}},"110":{"start":{"line":111,"column":0},"end":{"line":111,"column":23}},"111":{"start":{"line":112,"column":0},"end":{"line":112,"column":21}},"112":{"start":{"line":113,"column":0},"end":{"line":113,"column":39}},"113":{"start":{"line":114,"column":0},"end":{"line":114,"column":12}},"114":{"start":{"line":115,"column":0},"end":{"line":115,"column":21}},"115":{"start":{"line":116,"column":0},"end":{"line":116,"column":34}},"116":{"start":{"line":117,"column":0},"end":{"line":117,"column":72}},"117":{"start":{"line":118,"column":0},"end":{"line":118,"column":6}},"118":{"start":{"line":119,"column":0},"end":{"line":119,"column":3}},"120":{"start":{"line":121,"column":0},"end":{"line":121,"column":10}},"121":{"start":{"line":122,"column":0},"end":{"line":122,"column":18}},"122":{"start":{"line":123,"column":0},"end":{"line":123,"column":15}},"123":{"start":{"line":124,"column":0},"end":{"line":124,"column":15}},"124":{"start":{"line":125,"column":0},"end":{"line":125,"column":23}},"125":{"start":{"line":126,"column":0},"end":{"line":126,"column":32}},"126":{"start":{"line":127,"column":0},"end":{"line":127,"column":6}},"127":{"start":{"line":128,"column":0},"end":{"line":128,"column":4}},"128":{"start":{"line":129,"column":0},"end":{"line":129,"column":1}},"130":{"start":{"line":131,"column":0},"end":{"line":131,"column":29}},"131":{"start":{"line":132,"column":0},"end":{"line":132,"column":22}},"132":{"start":{"line":133,"column":0},"end":{"line":133,"column":59}},"133":{"start":{"line":134,"column":0},"end":{"line":134,"column":23}},"134":{"start":{"line":135,"column":0},"end":{"line":135,"column":21}},"135":{"start":{"line":136,"column":0},"end":{"line":136,"column":40}},"136":{"start":{"line":137,"column":0},"end":{"line":137,"column":12}},"137":{"start":{"line":138,"column":0},"end":{"line":138,"column":21}},"138":{"start":{"line":139,"column":0},"end":{"line":139,"column":34}},"139":{"start":{"line":140,"column":0},"end":{"line":140,"column":63}},"140":{"start":{"line":141,"column":0},"end":{"line":141,"column":6}},"141":{"start":{"line":142,"column":0},"end":{"line":142,"column":3}},"144":{"start":{"line":145,"column":0},"end":{"line":145,"column":78}},"146":{"start":{"line":147,"column":0},"end":{"line":147,"column":10}},"147":{"start":{"line":148,"column":0},"end":{"line":148,"column":18}},"148":{"start":{"line":149,"column":0},"end":{"line":149,"column":15}},"149":{"start":{"line":150,"column":0},"end":{"line":150,"column":15}},"150":{"start":{"line":151,"column":0},"end":{"line":151,"column":28}},"151":{"start":{"line":152,"column":0},"end":{"line":152,"column":21}},"152":{"start":{"line":153,"column":0},"end":{"line":153,"column":63}},"153":{"start":{"line":154,"column":0},"end":{"line":154,"column":6}},"154":{"start":{"line":155,"column":0},"end":{"line":155,"column":4}},"155":{"start":{"line":156,"column":0},"end":{"line":156,"column":1}},"157":{"start":{"line":158,"column":0},"end":{"line":158,"column":32}},"158":{"start":{"line":159,"column":0},"end":{"line":159,"column":22}},"159":{"start":{"line":160,"column":0},"end":{"line":160,"column":61}},"160":{"start":{"line":161,"column":0},"end":{"line":161,"column":21}},"161":{"start":{"line":162,"column":0},"end":{"line":162,"column":39}},"162":{"start":{"line":163,"column":0},"end":{"line":163,"column":12}},"163":{"start":{"line":164,"column":0},"end":{"line":164,"column":21}},"164":{"start":{"line":165,"column":0},"end":{"line":165,"column":29}},"165":{"start":{"line":166,"column":0},"end":{"line":166,"column":66}},"166":{"start":{"line":167,"column":0},"end":{"line":167,"column":6}},"167":{"start":{"line":168,"column":0},"end":{"line":168,"column":3}},"170":{"start":{"line":171,"column":0},"end":{"line":171,"column":84}},"171":{"start":{"line":172,"column":0},"end":{"line":172,"column":32}},"172":{"start":{"line":173,"column":0},"end":{"line":173,"column":56}},"175":{"start":{"line":176,"column":0},"end":{"line":176,"column":78}},"176":{"start":{"line":177,"column":0},"end":{"line":177,"column":68}},"178":{"start":{"line":179,"column":0},"end":{"line":179,"column":10}},"179":{"start":{"line":180,"column":0},"end":{"line":180,"column":18}},"180":{"start":{"line":181,"column":0},"end":{"line":181,"column":15}},"181":{"start":{"line":182,"column":0},"end":{"line":182,"column":15}},"182":{"start":{"line":183,"column":0},"end":{"line":183,"column":25}},"183":{"start":{"line":184,"column":0},"end":{"line":184,"column":27}},"184":{"start":{"line":185,"column":0},"end":{"line":185,"column":51}},"185":{"start":{"line":186,"column":0},"end":{"line":186,"column":6}},"186":{"start":{"line":187,"column":0},"end":{"line":187,"column":4}},"187":{"start":{"line":188,"column":0},"end":{"line":188,"column":1}},"189":{"start":{"line":190,"column":0},"end":{"line":190,"column":28}},"190":{"start":{"line":191,"column":0},"end":{"line":191,"column":22}},"191":{"start":{"line":192,"column":0},"end":{"line":192,"column":58}},"192":{"start":{"line":193,"column":0},"end":{"line":193,"column":24}},"193":{"start":{"line":194,"column":0},"end":{"line":194,"column":23}},"194":{"start":{"line":195,"column":0},"end":{"line":195,"column":21}},"195":{"start":{"line":196,"column":0},"end":{"line":196,"column":39}},"196":{"start":{"line":197,"column":0},"end":{"line":197,"column":12}},"197":{"start":{"line":198,"column":0},"end":{"line":198,"column":21}},"198":{"start":{"line":199,"column":0},"end":{"line":199,"column":29}},"199":{"start":{"line":200,"column":0},"end":{"line":200,"column":62}},"200":{"start":{"line":201,"column":0},"end":{"line":201,"column":6}},"201":{"start":{"line":202,"column":0},"end":{"line":202,"column":3}},"203":{"start":{"line":204,"column":0},"end":{"line":204,"column":42}},"204":{"start":{"line":205,"column":0},"end":{"line":205,"column":22}},"205":{"start":{"line":206,"column":0},"end":{"line":206,"column":12}},"206":{"start":{"line":207,"column":0},"end":{"line":207,"column":21}},"207":{"start":{"line":208,"column":0},"end":{"line":208,"column":29}},"208":{"start":{"line":209,"column":0},"end":{"line":209,"column":49}},"209":{"start":{"line":210,"column":0},"end":{"line":210,"column":6}},"210":{"start":{"line":211,"column":0},"end":{"line":211,"column":3}},"213":{"start":{"line":214,"column":0},"end":{"line":214,"column":78}},"214":{"start":{"line":215,"column":0},"end":{"line":215,"column":68}},"217":{"start":{"line":218,"column":0},"end":{"line":218,"column":37}},"218":{"start":{"line":219,"column":0},"end":{"line":219,"column":77}},"219":{"start":{"line":220,"column":0},"end":{"line":220,"column":14}},"220":{"start":{"line":221,"column":0},"end":{"line":221,"column":23}},"221":{"start":{"line":222,"column":0},"end":{"line":222,"column":30}},"222":{"start":{"line":223,"column":0},"end":{"line":223,"column":93}},"223":{"start":{"line":224,"column":0},"end":{"line":224,"column":8}},"224":{"start":{"line":225,"column":0},"end":{"line":225,"column":5}},"226":{"start":{"line":227,"column":0},"end":{"line":227,"column":12}},"227":{"start":{"line":228,"column":0},"end":{"line":228,"column":20}},"228":{"start":{"line":229,"column":0},"end":{"line":229,"column":17}},"229":{"start":{"line":230,"column":0},"end":{"line":230,"column":17}},"230":{"start":{"line":231,"column":0},"end":{"line":231,"column":27}},"231":{"start":{"line":232,"column":0},"end":{"line":232,"column":33}},"232":{"start":{"line":233,"column":0},"end":{"line":233,"column":32}},"233":{"start":{"line":234,"column":0},"end":{"line":234,"column":43}},"234":{"start":{"line":235,"column":0},"end":{"line":235,"column":8}},"235":{"start":{"line":236,"column":0},"end":{"line":236,"column":6}},"236":{"start":{"line":237,"column":0},"end":{"line":237,"column":3}},"238":{"start":{"line":239,"column":0},"end":{"line":239,"column":36}},"239":{"start":{"line":240,"column":0},"end":{"line":240,"column":74}},"240":{"start":{"line":241,"column":0},"end":{"line":241,"column":14}},"241":{"start":{"line":242,"column":0},"end":{"line":242,"column":23}},"242":{"start":{"line":243,"column":0},"end":{"line":243,"column":30}},"243":{"start":{"line":244,"column":0},"end":{"line":244,"column":91}},"244":{"start":{"line":245,"column":0},"end":{"line":245,"column":8}},"245":{"start":{"line":246,"column":0},"end":{"line":246,"column":5}},"247":{"start":{"line":248,"column":0},"end":{"line":248,"column":12}},"248":{"start":{"line":249,"column":0},"end":{"line":249,"column":20}},"249":{"start":{"line":250,"column":0},"end":{"line":250,"column":17}},"250":{"start":{"line":251,"column":0},"end":{"line":251,"column":17}},"251":{"start":{"line":252,"column":0},"end":{"line":252,"column":27}},"252":{"start":{"line":253,"column":0},"end":{"line":253,"column":31}},"253":{"start":{"line":254,"column":0},"end":{"line":254,"column":31}},"254":{"start":{"line":255,"column":0},"end":{"line":255,"column":41}},"255":{"start":{"line":256,"column":0},"end":{"line":256,"column":8}},"256":{"start":{"line":257,"column":0},"end":{"line":257,"column":6}},"257":{"start":{"line":258,"column":0},"end":{"line":258,"column":3}},"260":{"start":{"line":261,"column":0},"end":{"line":261,"column":10}},"261":{"start":{"line":262,"column":0},"end":{"line":262,"column":19}},"262":{"start":{"line":263,"column":0},"end":{"line":263,"column":32}},"263":{"start":{"line":264,"column":0},"end":{"line":264,"column":77}},"264":{"start":{"line":265,"column":0},"end":{"line":265,"column":4}},"265":{"start":{"line":266,"column":0},"end":{"line":266,"column":1}},"267":{"start":{"line":268,"column":0},"end":{"line":268,"column":25}},"268":{"start":{"line":269,"column":0},"end":{"line":269,"column":22}},"269":{"start":{"line":270,"column":0},"end":{"line":270,"column":54}},"270":{"start":{"line":271,"column":0},"end":{"line":271,"column":21}},"271":{"start":{"line":272,"column":0},"end":{"line":272,"column":62}},"272":{"start":{"line":273,"column":0},"end":{"line":273,"column":12}},"273":{"start":{"line":274,"column":0},"end":{"line":274,"column":21}},"274":{"start":{"line":275,"column":0},"end":{"line":275,"column":29}},"275":{"start":{"line":276,"column":0},"end":{"line":276,"column":79}},"276":{"start":{"line":277,"column":0},"end":{"line":277,"column":6}},"277":{"start":{"line":278,"column":0},"end":{"line":278,"column":3}},"279":{"start":{"line":280,"column":0},"end":{"line":280,"column":53}},"280":{"start":{"line":281,"column":0},"end":{"line":281,"column":19}},"281":{"start":{"line":282,"column":0},"end":{"line":282,"column":12}},"282":{"start":{"line":283,"column":0},"end":{"line":283,"column":21}},"283":{"start":{"line":284,"column":0},"end":{"line":284,"column":34}},"284":{"start":{"line":285,"column":0},"end":{"line":285,"column":55}},"285":{"start":{"line":286,"column":0},"end":{"line":286,"column":6}},"286":{"start":{"line":287,"column":0},"end":{"line":287,"column":3}},"289":{"start":{"line":290,"column":0},"end":{"line":290,"column":78}},"290":{"start":{"line":291,"column":0},"end":{"line":291,"column":68}},"293":{"start":{"line":294,"column":0},"end":{"line":294,"column":81}},"295":{"start":{"line":296,"column":0},"end":{"line":296,"column":10}},"296":{"start":{"line":297,"column":0},"end":{"line":297,"column":18}},"297":{"start":{"line":298,"column":0},"end":{"line":298,"column":15}},"298":{"start":{"line":299,"column":0},"end":{"line":299,"column":15}},"299":{"start":{"line":300,"column":0},"end":{"line":300,"column":25}},"300":{"start":{"line":301,"column":0},"end":{"line":301,"column":31}},"301":{"start":{"line":302,"column":0},"end":{"line":302,"column":30}},"302":{"start":{"line":303,"column":0},"end":{"line":303,"column":49}},"303":{"start":{"line":304,"column":0},"end":{"line":304,"column":6}},"304":{"start":{"line":305,"column":0},"end":{"line":305,"column":4}},"305":{"start":{"line":306,"column":0},"end":{"line":306,"column":1}},"307":{"start":{"line":308,"column":0},"end":{"line":308,"column":31}},"308":{"start":{"line":309,"column":0},"end":{"line":309,"column":22}},"309":{"start":{"line":310,"column":0},"end":{"line":310,"column":61}},"310":{"start":{"line":311,"column":0},"end":{"line":311,"column":24}},"311":{"start":{"line":312,"column":0},"end":{"line":312,"column":23}},"312":{"start":{"line":313,"column":0},"end":{"line":313,"column":21}},"313":{"start":{"line":314,"column":0},"end":{"line":314,"column":70}},"314":{"start":{"line":315,"column":0},"end":{"line":315,"column":12}},"315":{"start":{"line":316,"column":0},"end":{"line":316,"column":21}},"316":{"start":{"line":317,"column":0},"end":{"line":317,"column":28}},"317":{"start":{"line":318,"column":0},"end":{"line":318,"column":95}},"318":{"start":{"line":319,"column":0},"end":{"line":319,"column":6}},"319":{"start":{"line":320,"column":0},"end":{"line":320,"column":3}},"322":{"start":{"line":323,"column":0},"end":{"line":323,"column":78}},"323":{"start":{"line":324,"column":0},"end":{"line":324,"column":68}},"326":{"start":{"line":327,"column":0},"end":{"line":327,"column":24}},"327":{"start":{"line":328,"column":0},"end":{"line":328,"column":13}},"328":{"start":{"line":329,"column":0},"end":{"line":329,"column":23}},"329":{"start":{"line":330,"column":0},"end":{"line":330,"column":4}},"332":{"start":{"line":333,"column":0},"end":{"line":333,"column":25}},"333":{"start":{"line":334,"column":0},"end":{"line":334,"column":38}},"334":{"start":{"line":335,"column":0},"end":{"line":335,"column":37}},"335":{"start":{"line":336,"column":0},"end":{"line":336,"column":34}},"337":{"start":{"line":338,"column":0},"end":{"line":338,"column":10}},"338":{"start":{"line":339,"column":0},"end":{"line":339,"column":18}},"339":{"start":{"line":340,"column":0},"end":{"line":340,"column":15}},"340":{"start":{"line":341,"column":0},"end":{"line":341,"column":22}},"341":{"start":{"line":342,"column":0},"end":{"line":342,"column":26}},"342":{"start":{"line":343,"column":0},"end":{"line":343,"column":35}},"343":{"start":{"line":344,"column":0},"end":{"line":344,"column":27}},"344":{"start":{"line":345,"column":0},"end":{"line":345,"column":22}},"345":{"start":{"line":346,"column":0},"end":{"line":346,"column":6}},"346":{"start":{"line":347,"column":0},"end":{"line":347,"column":4}},"347":{"start":{"line":348,"column":0},"end":{"line":348,"column":1}},"349":{"start":{"line":350,"column":0},"end":{"line":350,"column":30}},"350":{"start":{"line":351,"column":0},"end":{"line":351,"column":22}},"351":{"start":{"line":352,"column":0},"end":{"line":352,"column":59}},"352":{"start":{"line":353,"column":0},"end":{"line":353,"column":21}},"353":{"start":{"line":354,"column":0},"end":{"line":354,"column":37}},"354":{"start":{"line":355,"column":0},"end":{"line":355,"column":12}},"355":{"start":{"line":356,"column":0},"end":{"line":356,"column":21}},"356":{"start":{"line":357,"column":0},"end":{"line":357,"column":29}},"357":{"start":{"line":358,"column":0},"end":{"line":358,"column":58}},"358":{"start":{"line":359,"column":0},"end":{"line":359,"column":6}},"359":{"start":{"line":360,"column":0},"end":{"line":360,"column":3}},"362":{"start":{"line":363,"column":0},"end":{"line":363,"column":27}},"363":{"start":{"line":364,"column":0},"end":{"line":364,"column":61}},"364":{"start":{"line":365,"column":0},"end":{"line":365,"column":80}},"365":{"start":{"line":366,"column":0},"end":{"line":366,"column":64}},"366":{"start":{"line":367,"column":0},"end":{"line":367,"column":3}},"368":{"start":{"line":369,"column":0},"end":{"line":369,"column":10}},"369":{"start":{"line":370,"column":0},"end":{"line":370,"column":18}},"370":{"start":{"line":371,"column":0},"end":{"line":371,"column":15}},"371":{"start":{"line":372,"column":0},"end":{"line":372,"column":15}},"372":{"start":{"line":373,"column":0},"end":{"line":373,"column":25}},"373":{"start":{"line":374,"column":0},"end":{"line":374,"column":26}},"374":{"start":{"line":375,"column":0},"end":{"line":375,"column":43}},"375":{"start":{"line":376,"column":0},"end":{"line":376,"column":38}},"376":{"start":{"line":377,"column":0},"end":{"line":377,"column":6}},"377":{"start":{"line":378,"column":0},"end":{"line":378,"column":4}},"378":{"start":{"line":379,"column":0},"end":{"line":379,"column":1}},"380":{"start":{"line":381,"column":0},"end":{"line":381,"column":31}},"381":{"start":{"line":382,"column":0},"end":{"line":382,"column":22}},"382":{"start":{"line":383,"column":0},"end":{"line":383,"column":62}},"383":{"start":{"line":384,"column":0},"end":{"line":384,"column":23}},"384":{"start":{"line":385,"column":0},"end":{"line":385,"column":21}},"385":{"start":{"line":386,"column":0},"end":{"line":386,"column":40}},"386":{"start":{"line":387,"column":0},"end":{"line":387,"column":12}},"387":{"start":{"line":388,"column":0},"end":{"line":388,"column":21}},"388":{"start":{"line":389,"column":0},"end":{"line":389,"column":34}},"389":{"start":{"line":390,"column":0},"end":{"line":390,"column":63}},"390":{"start":{"line":391,"column":0},"end":{"line":391,"column":6}},"391":{"start":{"line":392,"column":0},"end":{"line":392,"column":3}},"393":{"start":{"line":394,"column":0},"end":{"line":394,"column":37}},"394":{"start":{"line":395,"column":0},"end":{"line":395,"column":12}},"395":{"start":{"line":396,"column":0},"end":{"line":396,"column":21}},"396":{"start":{"line":397,"column":0},"end":{"line":397,"column":29}},"397":{"start":{"line":398,"column":0},"end":{"line":398,"column":41}},"398":{"start":{"line":399,"column":0},"end":{"line":399,"column":6}},"399":{"start":{"line":400,"column":0},"end":{"line":400,"column":3}},"401":{"start":{"line":402,"column":0},"end":{"line":402,"column":10}},"402":{"start":{"line":403,"column":0},"end":{"line":403,"column":18}},"403":{"start":{"line":404,"column":0},"end":{"line":404,"column":15}},"404":{"start":{"line":405,"column":0},"end":{"line":405,"column":15}},"405":{"start":{"line":406,"column":0},"end":{"line":406,"column":28}},"407":{"start":{"line":408,"column":0},"end":{"line":408,"column":30}},"408":{"start":{"line":409,"column":0},"end":{"line":409,"column":6}},"409":{"start":{"line":410,"column":0},"end":{"line":410,"column":4}},"410":{"start":{"line":411,"column":0},"end":{"line":411,"column":1}},"419":{"start":{"line":420,"column":0},"end":{"line":420,"column":88}},"420":{"start":{"line":421,"column":0},"end":{"line":421,"column":42}},"421":{"start":{"line":422,"column":0},"end":{"line":422,"column":30}},"423":{"start":{"line":424,"column":0},"end":{"line":424,"column":77}},"424":{"start":{"line":425,"column":0},"end":{"line":425,"column":67}},"426":{"start":{"line":427,"column":0},"end":{"line":427,"column":32}},"429":{"start":{"line":430,"column":0},"end":{"line":430,"column":44}},"432":{"start":{"line":433,"column":0},"end":{"line":433,"column":23}},"433":{"start":{"line":434,"column":0},"end":{"line":434,"column":43}},"434":{"start":{"line":435,"column":0},"end":{"line":435,"column":3}},"436":{"start":{"line":437,"column":0},"end":{"line":437,"column":31}},"437":{"start":{"line":438,"column":0},"end":{"line":438,"column":1}},"442":{"start":{"line":443,"column":0},"end":{"line":443,"column":29}},"443":{"start":{"line":444,"column":0},"end":{"line":444,"column":22}},"444":{"start":{"line":445,"column":0},"end":{"line":445,"column":18}},"445":{"start":{"line":446,"column":0},"end":{"line":446,"column":26}},"446":{"start":{"line":447,"column":0},"end":{"line":447,"column":42}},"447":{"start":{"line":448,"column":0},"end":{"line":448,"column":31}},"449":{"start":{"line":450,"column":0},"end":{"line":450,"column":72}},"451":{"start":{"line":452,"column":0},"end":{"line":452,"column":10}},"452":{"start":{"line":453,"column":0},"end":{"line":453,"column":28}},"453":{"start":{"line":454,"column":0},"end":{"line":454,"column":29}},"454":{"start":{"line":455,"column":0},"end":{"line":455,"column":1}},"463":{"start":{"line":464,"column":0},"end":{"line":464,"column":39}},"464":{"start":{"line":465,"column":0},"end":{"line":465,"column":22}},"465":{"start":{"line":466,"column":0},"end":{"line":466,"column":46}},"466":{"start":{"line":467,"column":0},"end":{"line":467,"column":11}},"467":{"start":{"line":468,"column":0},"end":{"line":468,"column":42}},"468":{"start":{"line":469,"column":0},"end":{"line":469,"column":30}},"470":{"start":{"line":471,"column":0},"end":{"line":471,"column":72}},"471":{"start":{"line":472,"column":0},"end":{"line":472,"column":62}},"473":{"start":{"line":474,"column":0},"end":{"line":474,"column":29}},"474":{"start":{"line":475,"column":0},"end":{"line":475,"column":64}},"475":{"start":{"line":476,"column":0},"end":{"line":476,"column":38}},"476":{"start":{"line":477,"column":0},"end":{"line":477,"column":53}},"478":{"start":{"line":479,"column":0},"end":{"line":479,"column":55}},"479":{"start":{"line":480,"column":0},"end":{"line":480,"column":1}},"484":{"start":{"line":485,"column":0},"end":{"line":485,"column":41}},"485":{"start":{"line":486,"column":0},"end":{"line":486,"column":22}},"486":{"start":{"line":487,"column":0},"end":{"line":487,"column":46}},"487":{"start":{"line":488,"column":0},"end":{"line":488,"column":11}},"488":{"start":{"line":489,"column":0},"end":{"line":489,"column":21}},"489":{"start":{"line":490,"column":0},"end":{"line":490,"column":38}},"490":{"start":{"line":491,"column":0},"end":{"line":491,"column":37}},"491":{"start":{"line":492,"column":0},"end":{"line":492,"column":34}},"493":{"start":{"line":494,"column":0},"end":{"line":494,"column":24}},"494":{"start":{"line":495,"column":0},"end":{"line":495,"column":82}},"496":{"start":{"line":497,"column":0},"end":{"line":497,"column":51}},"497":{"start":{"line":498,"column":0},"end":{"line":498,"column":1}},"502":{"start":{"line":503,"column":0},"end":{"line":503,"column":91}},"503":{"start":{"line":504,"column":0},"end":{"line":504,"column":62}},"504":{"start":{"line":505,"column":0},"end":{"line":505,"column":13}},"505":{"start":{"line":506,"column":0},"end":{"line":506,"column":3}},"507":{"start":{"line":508,"column":0},"end":{"line":508,"column":59}},"508":{"start":{"line":509,"column":0},"end":{"line":509,"column":1}},"513":{"start":{"line":514,"column":0},"end":{"line":514,"column":35}},"514":{"start":{"line":515,"column":0},"end":{"line":515,"column":22}},"515":{"start":{"line":516,"column":0},"end":{"line":516,"column":46}},"516":{"start":{"line":517,"column":0},"end":{"line":517,"column":12}},"517":{"start":{"line":518,"column":0},"end":{"line":518,"column":42}},"518":{"start":{"line":519,"column":0},"end":{"line":519,"column":34}},"520":{"start":{"line":521,"column":0},"end":{"line":521,"column":72}},"521":{"start":{"line":522,"column":0},"end":{"line":522,"column":62}},"523":{"start":{"line":524,"column":0},"end":{"line":524,"column":23}},"524":{"start":{"line":525,"column":0},"end":{"line":525,"column":64}},"525":{"start":{"line":526,"column":0},"end":{"line":526,"column":38}},"526":{"start":{"line":527,"column":0},"end":{"line":527,"column":47}},"528":{"start":{"line":529,"column":0},"end":{"line":529,"column":40}},"529":{"start":{"line":530,"column":0},"end":{"line":530,"column":1}}},"s":{"0":1,"27":1,"28":105,"29":105,"30":105,"31":105,"32":105,"33":105,"34":105,"35":105,"36":33,"38":105,"39":14,"41":105,"42":6,"44":105,"45":10,"47":105,"48":14,"50":105,"51":8,"53":105,"54":9,"56":105,"57":7,"59":105,"60":3,"62":105,"63":1,"64":1,"65":1,"66":1,"67":1,"68":105,"69":105,"70":2,"71":2,"72":2,"73":2,"74":2,"75":2,"76":105,"82":33,"83":33,"84":33,"85":33,"86":33,"87":33,"88":2,"89":2,"90":2,"91":2,"92":2,"93":2,"95":29,"96":29,"97":29,"98":29,"99":29,"100":29,"101":29,"102":29,"103":29,"104":29,"105":29,"107":14,"108":14,"109":14,"110":14,"111":14,"112":14,"113":2,"114":2,"115":2,"116":2,"117":2,"118":2,"120":12,"121":12,"122":12,"123":12,"124":12,"125":12,"126":12,"127":12,"128":12,"130":6,"131":6,"132":6,"133":6,"134":6,"135":6,"136":1,"137":1,"138":1,"139":1,"140":1,"141":1,"144":6,"146":6,"147":6,"148":6,"149":6,"150":6,"151":6,"152":6,"153":6,"154":6,"155":6,"157":10,"158":10,"159":10,"160":10,"161":10,"162":2,"163":2,"164":2,"165":2,"166":2,"167":2,"170":8,"171":1,"172":7,"175":10,"176":10,"178":10,"179":10,"180":10,"181":10,"182":10,"183":10,"184":10,"185":10,"186":10,"187":10,"189":14,"190":14,"191":14,"192":14,"193":14,"194":14,"195":14,"196":1,"197":1,"198":1,"199":1,"200":1,"201":1,"203":13,"204":14,"205":1,"206":1,"207":1,"208":1,"209":1,"210":1,"213":12,"214":12,"217":14,"218":5,"219":3,"220":3,"221":3,"222":3,"223":3,"224":3,"226":2,"227":2,"228":2,"229":2,"230":2,"231":2,"232":2,"233":2,"234":2,"235":2,"236":2,"238":14,"239":6,"240":4,"241":4,"242":4,"243":4,"244":4,"245":4,"247":2,"248":2,"249":2,"250":2,"251":2,"252":2,"253":2,"254":2,"255":2,"256":2,"257":2,"260":1,"261":1,"262":1,"263":1,"264":1,"265":1,"267":8,"268":8,"269":8,"270":8,"271":8,"272":2,"273":2,"274":2,"275":2,"276":2,"277":2,"279":6,"280":8,"281":1,"282":1,"283":1,"284":1,"285":1,"286":1,"289":5,"290":5,"293":5,"295":5,"296":5,"297":5,"298":5,"299":5,"300":5,"301":5,"302":5,"303":5,"304":5,"305":5,"307":9,"308":9,"309":9,"310":9,"311":9,"312":9,"313":9,"314":4,"315":4,"316":4,"317":4,"318":4,"319":4,"322":5,"323":5,"326":5,"327":5,"328":5,"329":5,"332":5,"333":5,"334":5,"335":5,"337":5,"338":5,"339":5,"340":5,"341":5,"342":5,"343":5,"344":5,"345":5,"346":5,"347":5,"349":7,"350":7,"351":7,"352":7,"353":7,"354":1,"355":1,"356":1,"357":1,"358":1,"359":1,"362":6,"363":7,"364":5,"365":5,"366":5,"368":6,"369":6,"370":6,"371":6,"372":6,"373":6,"374":6,"375":6,"376":6,"377":6,"378":6,"380":3,"381":3,"382":3,"383":3,"384":3,"385":3,"386":1,"387":1,"388":1,"389":1,"390":1,"391":1,"393":3,"394":1,"395":1,"396":1,"397":1,"398":1,"399":1,"401":1,"402":1,"403":1,"404":1,"405":1,"407":1,"408":1,"409":1,"410":1,"419":36,"420":36,"421":36,"423":36,"424":36,"426":36,"429":34,"432":36,"433":1,"434":1,"436":34,"437":34,"442":35,"443":35,"444":35,"445":35,"446":35,"447":35,"449":35,"451":35,"452":35,"453":35,"454":35,"463":1,"464":7,"465":7,"466":7,"467":7,"468":7,"470":6,"471":7,"473":7,"474":7,"475":7,"476":7,"478":7,"479":7,"484":1,"485":3,"486":3,"487":3,"488":3,"489":3,"490":3,"491":3,"493":3,"494":3,"496":3,"497":3,"502":1,"503":3,"504":2,"505":2,"507":1,"508":1,"513":1,"514":7,"515":7,"516":7,"517":7,"518":7,"520":6,"521":7,"523":7,"524":7,"525":7,"526":7,"528":7,"529":7},"branchMap":{"0":{"type":"branch","line":28,"loc":{"start":{"line":28,"column":7},"end":{"line":77,"column":1}},"locations":[{"start":{"line":28,"column":7},"end":{"line":77,"column":1}}]},"1":{"type":"branch","line":36,"loc":{"start":{"line":36,"column":6},"end":{"line":37,"column":56}},"locations":[{"start":{"line":36,"column":6},"end":{"line":37,"column":56}}]},"2":{"type":"branch","line":39,"loc":{"start":{"line":39,"column":6},"end":{"line":40,"column":56}},"locations":[{"start":{"line":39,"column":6},"end":{"line":40,"column":56}}]},"3":{"type":"branch","line":42,"loc":{"start":{"line":42,"column":6},"end":{"line":43,"column":57}},"locations":[{"start":{"line":42,"column":6},"end":{"line":43,"column":57}}]},"4":{"type":"branch","line":45,"loc":{"start":{"line":45,"column":6},"end":{"line":46,"column":52}},"locations":[{"start":{"line":45,"column":6},"end":{"line":46,"column":52}}]},"5":{"type":"branch","line":48,"loc":{"start":{"line":48,"column":6},"end":{"line":49,"column":64}},"locations":[{"start":{"line":48,"column":6},"end":{"line":49,"column":64}}]},"6":{"type":"branch","line":51,"loc":{"start":{"line":51,"column":6},"end":{"line":52,"column":45}},"locations":[{"start":{"line":51,"column":6},"end":{"line":52,"column":45}}]},"7":{"type":"branch","line":54,"loc":{"start":{"line":54,"column":6},"end":{"line":55,"column":67}},"locations":[{"start":{"line":54,"column":6},"end":{"line":55,"column":67}}]},"8":{"type":"branch","line":57,"loc":{"start":{"line":57,"column":6},"end":{"line":58,"column":50}},"locations":[{"start":{"line":57,"column":6},"end":{"line":58,"column":50}}]},"9":{"type":"branch","line":60,"loc":{"start":{"line":60,"column":6},"end":{"line":61,"column":59}},"locations":[{"start":{"line":60,"column":6},"end":{"line":61,"column":59}}]},"10":{"type":"branch","line":63,"loc":{"start":{"line":63,"column":6},"end":{"line":68,"column":10}},"locations":[{"start":{"line":63,"column":6},"end":{"line":68,"column":10}}]},"11":{"type":"branch","line":70,"loc":{"start":{"line":70,"column":2},"end":{"line":76,"column":3}},"locations":[{"start":{"line":70,"column":2},"end":{"line":76,"column":3}}]},"12":{"type":"branch","line":74,"loc":{"start":{"line":74,"column":31},"end":{"line":74,"column":55}},"locations":[{"start":{"line":74,"column":31},"end":{"line":74,"column":55}}]},"13":{"type":"branch","line":74,"loc":{"start":{"line":74,"column":45},"end":{"line":74,"column":82}},"locations":[{"start":{"line":74,"column":45},"end":{"line":74,"column":82}}]},"14":{"type":"branch","line":83,"loc":{"start":{"line":83,"column":0},"end":{"line":106,"column":1}},"locations":[{"start":{"line":83,"column":0},"end":{"line":106,"column":1}}]},"15":{"type":"branch","line":88,"loc":{"start":{"line":88,"column":38},"end":{"line":94,"column":3}},"locations":[{"start":{"line":88,"column":38},"end":{"line":94,"column":3}}]},"16":{"type":"branch","line":94,"loc":{"start":{"line":94,"column":2},"end":{"line":106,"column":1}},"locations":[{"start":{"line":94,"column":2},"end":{"line":106,"column":1}}]},"17":{"type":"branch","line":108,"loc":{"start":{"line":108,"column":0},"end":{"line":129,"column":1}},"locations":[{"start":{"line":108,"column":0},"end":{"line":129,"column":1}}]},"18":{"type":"branch","line":113,"loc":{"start":{"line":113,"column":38},"end":{"line":119,"column":3}},"locations":[{"start":{"line":113,"column":38},"end":{"line":119,"column":3}}]},"19":{"type":"branch","line":119,"loc":{"start":{"line":119,"column":2},"end":{"line":129,"column":1}},"locations":[{"start":{"line":119,"column":2},"end":{"line":129,"column":1}}]},"20":{"type":"branch","line":131,"loc":{"start":{"line":131,"column":0},"end":{"line":156,"column":1}},"locations":[{"start":{"line":131,"column":0},"end":{"line":156,"column":1}}]},"21":{"type":"branch","line":136,"loc":{"start":{"line":136,"column":39},"end":{"line":142,"column":3}},"locations":[{"start":{"line":136,"column":39},"end":{"line":142,"column":3}}]},"22":{"type":"branch","line":142,"loc":{"start":{"line":142,"column":2},"end":{"line":145,"column":41}},"locations":[{"start":{"line":142,"column":2},"end":{"line":145,"column":41}}]},"23":{"type":"branch","line":145,"loc":{"start":{"line":145,"column":30},"end":{"line":145,"column":76}},"locations":[{"start":{"line":145,"column":30},"end":{"line":145,"column":76}}]},"24":{"type":"branch","line":145,"loc":{"start":{"line":145,"column":65},"end":{"line":145,"column":78}},"locations":[{"start":{"line":145,"column":65},"end":{"line":145,"column":78}}]},"25":{"type":"branch","line":158,"loc":{"start":{"line":158,"column":0},"end":{"line":188,"column":1}},"locations":[{"start":{"line":158,"column":0},"end":{"line":188,"column":1}}]},"26":{"type":"branch","line":162,"loc":{"start":{"line":162,"column":38},"end":{"line":168,"column":3}},"locations":[{"start":{"line":162,"column":38},"end":{"line":168,"column":3}}]},"27":{"type":"branch","line":168,"loc":{"start":{"line":168,"column":2},"end":{"line":171,"column":84}},"locations":[{"start":{"line":168,"column":2},"end":{"line":171,"column":84}}]},"28":{"type":"branch","line":171,"loc":{"start":{"line":171,"column":83},"end":{"line":172,"column":32}},"locations":[{"start":{"line":171,"column":83},"end":{"line":172,"column":32}}]},"29":{"type":"branch","line":172,"loc":{"start":{"line":172,"column":12},"end":{"line":173,"column":56}},"locations":[{"start":{"line":172,"column":12},"end":{"line":173,"column":56}}]},"30":{"type":"branch","line":190,"loc":{"start":{"line":190,"column":0},"end":{"line":266,"column":1}},"locations":[{"start":{"line":190,"column":0},"end":{"line":266,"column":1}}]},"31":{"type":"branch","line":196,"loc":{"start":{"line":196,"column":38},"end":{"line":202,"column":3}},"locations":[{"start":{"line":196,"column":38},"end":{"line":202,"column":3}}]},"32":{"type":"branch","line":202,"loc":{"start":{"line":202,"column":2},"end":{"line":205,"column":21}},"locations":[{"start":{"line":202,"column":2},"end":{"line":205,"column":21}}]},"33":{"type":"branch","line":205,"loc":{"start":{"line":205,"column":21},"end":{"line":211,"column":3}},"locations":[{"start":{"line":205,"column":21},"end":{"line":211,"column":3}}]},"34":{"type":"branch","line":211,"loc":{"start":{"line":211,"column":2},"end":{"line":218,"column":36}},"locations":[{"start":{"line":211,"column":2},"end":{"line":218,"column":36}}]},"35":{"type":"branch","line":218,"loc":{"start":{"line":218,"column":36},"end":{"line":237,"column":3}},"locations":[{"start":{"line":218,"column":36},"end":{"line":237,"column":3}}]},"36":{"type":"branch","line":219,"loc":{"start":{"line":219,"column":76},"end":{"line":225,"column":5}},"locations":[{"start":{"line":219,"column":76},"end":{"line":225,"column":5}}]},"37":{"type":"branch","line":225,"loc":{"start":{"line":225,"column":4},"end":{"line":237,"column":3}},"locations":[{"start":{"line":225,"column":4},"end":{"line":237,"column":3}}]},"38":{"type":"branch","line":237,"loc":{"start":{"line":237,"column":2},"end":{"line":239,"column":35}},"locations":[{"start":{"line":237,"column":2},"end":{"line":239,"column":35}}]},"39":{"type":"branch","line":239,"loc":{"start":{"line":239,"column":35},"end":{"line":258,"column":3}},"locations":[{"start":{"line":239,"column":35},"end":{"line":258,"column":3}}]},"40":{"type":"branch","line":240,"loc":{"start":{"line":240,"column":73},"end":{"line":246,"column":5}},"locations":[{"start":{"line":240,"column":73},"end":{"line":246,"column":5}}]},"41":{"type":"branch","line":246,"loc":{"start":{"line":246,"column":4},"end":{"line":258,"column":3}},"locations":[{"start":{"line":246,"column":4},"end":{"line":258,"column":3}}]},"42":{"type":"branch","line":258,"loc":{"start":{"line":258,"column":2},"end":{"line":266,"column":1}},"locations":[{"start":{"line":258,"column":2},"end":{"line":266,"column":1}}]},"43":{"type":"branch","line":268,"loc":{"start":{"line":268,"column":0},"end":{"line":306,"column":1}},"locations":[{"start":{"line":268,"column":0},"end":{"line":306,"column":1}}]},"44":{"type":"branch","line":272,"loc":{"start":{"line":272,"column":23},"end":{"line":272,"column":61}},"locations":[{"start":{"line":272,"column":23},"end":{"line":272,"column":61}}]},"45":{"type":"branch","line":272,"loc":{"start":{"line":272,"column":61},"end":{"line":278,"column":3}},"locations":[{"start":{"line":272,"column":61},"end":{"line":278,"column":3}}]},"46":{"type":"branch","line":278,"loc":{"start":{"line":278,"column":2},"end":{"line":281,"column":18}},"locations":[{"start":{"line":278,"column":2},"end":{"line":281,"column":18}}]},"47":{"type":"branch","line":281,"loc":{"start":{"line":281,"column":18},"end":{"line":287,"column":3}},"locations":[{"start":{"line":281,"column":18},"end":{"line":287,"column":3}}]},"48":{"type":"branch","line":287,"loc":{"start":{"line":287,"column":2},"end":{"line":306,"column":1}},"locations":[{"start":{"line":287,"column":2},"end":{"line":306,"column":1}}]},"49":{"type":"branch","line":308,"loc":{"start":{"line":308,"column":0},"end":{"line":348,"column":1}},"locations":[{"start":{"line":308,"column":0},"end":{"line":348,"column":1}}]},"50":{"type":"branch","line":314,"loc":{"start":{"line":314,"column":69},"end":{"line":320,"column":3}},"locations":[{"start":{"line":314,"column":69},"end":{"line":320,"column":3}}]},"51":{"type":"branch","line":320,"loc":{"start":{"line":320,"column":2},"end":{"line":348,"column":1}},"locations":[{"start":{"line":320,"column":2},"end":{"line":348,"column":1}}]},"52":{"type":"branch","line":350,"loc":{"start":{"line":350,"column":0},"end":{"line":379,"column":1}},"locations":[{"start":{"line":350,"column":0},"end":{"line":379,"column":1}}]},"53":{"type":"branch","line":354,"loc":{"start":{"line":354,"column":36},"end":{"line":360,"column":3}},"locations":[{"start":{"line":354,"column":36},"end":{"line":360,"column":3}}]},"54":{"type":"branch","line":360,"loc":{"start":{"line":360,"column":2},"end":{"line":364,"column":40}},"locations":[{"start":{"line":360,"column":2},"end":{"line":364,"column":40}}]},"55":{"type":"branch","line":364,"loc":{"start":{"line":364,"column":23},"end":{"line":364,"column":60}},"locations":[{"start":{"line":364,"column":23},"end":{"line":364,"column":60}}]},"56":{"type":"branch","line":364,"loc":{"start":{"line":364,"column":60},"end":{"line":367,"column":3}},"locations":[{"start":{"line":364,"column":60},"end":{"line":367,"column":3}}]},"57":{"type":"branch","line":367,"loc":{"start":{"line":367,"column":2},"end":{"line":379,"column":1}},"locations":[{"start":{"line":367,"column":2},"end":{"line":379,"column":1}}]},"58":{"type":"branch","line":381,"loc":{"start":{"line":381,"column":0},"end":{"line":411,"column":1}},"locations":[{"start":{"line":381,"column":0},"end":{"line":411,"column":1}}]},"59":{"type":"branch","line":386,"loc":{"start":{"line":386,"column":39},"end":{"line":392,"column":3}},"locations":[{"start":{"line":386,"column":39},"end":{"line":392,"column":3}}]},"60":{"type":"branch","line":392,"loc":{"start":{"line":392,"column":2},"end":{"line":394,"column":36}},"locations":[{"start":{"line":392,"column":2},"end":{"line":394,"column":36}}]},"61":{"type":"branch","line":394,"loc":{"start":{"line":394,"column":36},"end":{"line":411,"column":1}},"locations":[{"start":{"line":394,"column":36},"end":{"line":411,"column":1}}]},"62":{"type":"branch","line":420,"loc":{"start":{"line":420,"column":0},"end":{"line":438,"column":1}},"locations":[{"start":{"line":420,"column":0},"end":{"line":438,"column":1}}]},"63":{"type":"branch","line":422,"loc":{"start":{"line":422,"column":21},"end":{"line":422,"column":30}},"locations":[{"start":{"line":422,"column":21},"end":{"line":422,"column":30}}]},"64":{"type":"branch","line":427,"loc":{"start":{"line":427,"column":23},"end":{"line":427,"column":32}},"locations":[{"start":{"line":427,"column":23},"end":{"line":427,"column":32}}]},"65":{"type":"branch","line":427,"loc":{"start":{"line":427,"column":30},"end":{"line":433,"column":22}},"locations":[{"start":{"line":427,"column":30},"end":{"line":433,"column":22}}]},"66":{"type":"branch","line":433,"loc":{"start":{"line":433,"column":22},"end":{"line":435,"column":3}},"locations":[{"start":{"line":433,"column":22},"end":{"line":435,"column":3}}]},"67":{"type":"branch","line":435,"loc":{"start":{"line":435,"column":2},"end":{"line":438,"column":1}},"locations":[{"start":{"line":435,"column":2},"end":{"line":438,"column":1}}]},"68":{"type":"branch","line":443,"loc":{"start":{"line":443,"column":0},"end":{"line":455,"column":1}},"locations":[{"start":{"line":443,"column":0},"end":{"line":455,"column":1}}]},"69":{"type":"branch","line":448,"loc":{"start":{"line":448,"column":21},"end":{"line":448,"column":31}},"locations":[{"start":{"line":448,"column":21},"end":{"line":448,"column":31}}]},"70":{"type":"branch","line":464,"loc":{"start":{"line":464,"column":7},"end":{"line":480,"column":1}},"locations":[{"start":{"line":464,"column":7},"end":{"line":480,"column":1}}]},"71":{"type":"branch","line":469,"loc":{"start":{"line":469,"column":21},"end":{"line":469,"column":30}},"locations":[{"start":{"line":469,"column":21},"end":{"line":469,"column":30}}]},"72":{"type":"branch","line":469,"loc":{"start":{"line":469,"column":28},"end":{"line":472,"column":60}},"locations":[{"start":{"line":469,"column":28},"end":{"line":472,"column":60}}]},"73":{"type":"branch","line":472,"loc":{"start":{"line":472,"column":44},"end":{"line":472,"column":62}},"locations":[{"start":{"line":472,"column":44},"end":{"line":472,"column":62}}]},"74":{"type":"branch","line":485,"loc":{"start":{"line":485,"column":7},"end":{"line":498,"column":1}},"locations":[{"start":{"line":485,"column":7},"end":{"line":498,"column":1}}]},"75":{"type":"branch","line":503,"loc":{"start":{"line":503,"column":7},"end":{"line":509,"column":1}},"locations":[{"start":{"line":503,"column":7},"end":{"line":509,"column":1}}]},"76":{"type":"branch","line":504,"loc":{"start":{"line":504,"column":13},"end":{"line":504,"column":61}},"locations":[{"start":{"line":504,"column":13},"end":{"line":504,"column":61}}]},"77":{"type":"branch","line":504,"loc":{"start":{"line":504,"column":61},"end":{"line":506,"column":3}},"locations":[{"start":{"line":504,"column":61},"end":{"line":506,"column":3}}]},"78":{"type":"branch","line":506,"loc":{"start":{"line":506,"column":2},"end":{"line":509,"column":1}},"locations":[{"start":{"line":506,"column":2},"end":{"line":509,"column":1}}]},"79":{"type":"branch","line":514,"loc":{"start":{"line":514,"column":7},"end":{"line":530,"column":1}},"locations":[{"start":{"line":514,"column":7},"end":{"line":530,"column":1}}]},"80":{"type":"branch","line":519,"loc":{"start":{"line":519,"column":21},"end":{"line":519,"column":34}},"locations":[{"start":{"line":519,"column":21},"end":{"line":519,"column":34}}]},"81":{"type":"branch","line":519,"loc":{"start":{"line":519,"column":28},"end":{"line":522,"column":60}},"locations":[{"start":{"line":519,"column":28},"end":{"line":522,"column":60}}]},"82":{"type":"branch","line":522,"loc":{"start":{"line":522,"column":44},"end":{"line":522,"column":62}},"locations":[{"start":{"line":522,"column":44},"end":{"line":522,"column":62}}]}},"b":{"0":[105],"1":[33],"2":[14],"3":[6],"4":[10],"5":[14],"6":[8],"7":[9],"8":[7],"9":[3],"10":[1],"11":[2],"12":[1],"13":[1],"14":[33],"15":[2],"16":[29],"17":[14],"18":[2],"19":[12],"20":[6],"21":[1],"22":[5],"23":[4],"24":[1],"25":[10],"26":[2],"27":[8],"28":[1],"29":[7],"30":[14],"31":[1],"32":[13],"33":[1],"34":[12],"35":[5],"36":[3],"37":[2],"38":[7],"39":[6],"40":[4],"41":[2],"42":[1],"43":[8],"44":[7],"45":[2],"46":[6],"47":[1],"48":[5],"49":[9],"50":[4],"51":[5],"52":[7],"53":[1],"54":[6],"55":[5],"56":[5],"57":[6],"58":[3],"59":[1],"60":[2],"61":[1],"62":[36],"63":[0],"64":[2],"65":[34],"66":[1],"67":[34],"68":[35],"69":[0],"70":[7],"71":[1],"72":[6],"73":[1],"74":[3],"75":[3],"76":[1],"77":[2],"78":[1],"79":[7],"80":[1],"81":[6],"82":[1]},"fnMap":{"0":{"name":"sessionStateReducer","decl":{"start":{"line":28,"column":7},"end":{"line":77,"column":1}},"loc":{"start":{"line":28,"column":7},"end":{"line":77,"column":1}},"line":28},"1":{"name":"handleStartSession","decl":{"start":{"line":83,"column":0},"end":{"line":106,"column":1}},"loc":{"start":{"line":83,"column":0},"end":{"line":106,"column":1}},"line":83},"2":{"name":"handlePauseSession","decl":{"start":{"line":108,"column":0},"end":{"line":129,"column":1}},"loc":{"start":{"line":108,"column":0},"end":{"line":129,"column":1}},"line":108},"3":{"name":"handleResumeSession","decl":{"start":{"line":131,"column":0},"end":{"line":156,"column":1}},"loc":{"start":{"line":131,"column":0},"end":{"line":156,"column":1}},"line":131},"4":{"name":"handleCompleteActivity","decl":{"start":{"line":158,"column":0},"end":{"line":188,"column":1}},"loc":{"start":{"line":158,"column":0},"end":{"line":188,"column":1}},"line":158},"5":{"name":"handleAdvanceStage","decl":{"start":{"line":190,"column":0},"end":{"line":266,"column":1}},"loc":{"start":{"line":190,"column":0},"end":{"line":266,"column":1}},"line":190},"6":{"name":"handleSkipStage","decl":{"start":{"line":268,"column":0},"end":{"line":306,"column":1}},"loc":{"start":{"line":268,"column":0},"end":{"line":306,"column":1}},"line":268},"7":{"name":"handleCompleteSession","decl":{"start":{"line":308,"column":0},"end":{"line":348,"column":1}},"loc":{"start":{"line":308,"column":0},"end":{"line":348,"column":1}},"line":308},"8":{"name":"handleAbandonSession","decl":{"start":{"line":350,"column":0},"end":{"line":379,"column":1}},"loc":{"start":{"line":350,"column":0},"end":{"line":379,"column":1}},"line":350},"9":{"name":"handleResumeAbandoned","decl":{"start":{"line":381,"column":0},"end":{"line":411,"column":1}},"loc":{"start":{"line":381,"column":0},"end":{"line":411,"column":1}},"line":381},"10":{"name":"calculateCurrentStageDuration","decl":{"start":{"line":420,"column":0},"end":{"line":438,"column":1}},"loc":{"start":{"line":420,"column":0},"end":{"line":438,"column":1}},"line":420},"11":{"name":"updateStageDuration","decl":{"start":{"line":443,"column":0},"end":{"line":455,"column":1}},"loc":{"start":{"line":443,"column":0},"end":{"line":455,"column":1}},"line":443},"12":{"name":"calculateStageProgress","decl":{"start":{"line":464,"column":7},"end":{"line":480,"column":1}},"loc":{"start":{"line":464,"column":7},"end":{"line":480,"column":1}},"line":464},"13":{"name":"calculateSessionProgress","decl":{"start":{"line":485,"column":7},"end":{"line":498,"column":1}},"loc":{"start":{"line":485,"column":7},"end":{"line":498,"column":1}},"line":485},"14":{"name":"getCurrentStageDuration","decl":{"start":{"line":503,"column":7},"end":{"line":509,"column":1}},"loc":{"start":{"line":503,"column":7},"end":{"line":509,"column":1}},"line":503},"15":{"name":"isStageDurationMet","decl":{"start":{"line":514,"column":7},"end":{"line":530,"column":1}},"loc":{"start":{"line":514,"column":7},"end":{"line":530,"column":1}},"line":514}},"f":{"0":105,"1":33,"2":14,"3":6,"4":10,"5":14,"6":8,"7":9,"8":7,"9":3,"10":36,"11":35,"12":7,"13":3,"14":3,"15":7}}
}
